<?xml version="1.0" encoding="UTF-8"?>
<!-- Generated by org.testng.reporters.JUnitReportReporter -->
<testsuite skipped="0" hostname="LIN51013508" name="med.webtest.MedicareViewProductTest" tests="8" failures="0" timestamp="2023-02-04T15:57:06 IST" time="20.461" errors="0">
  <testcase name="validateViewProductSort" time="2.327" classname="med.webtest.MedicareViewProductTest"/>
  <system-out/>
  <testcase name="validateViewProductSort" time="2.698" classname="med.webtest.MedicareViewProductTest"/>
  <system-out/>
  <testcase name="validateViewProductSort" time="2.316" classname="med.webtest.MedicareViewProductTest"/>
  <system-out/>
  <testcase name="validateViewProductSort" time="3.549" classname="med.webtest.MedicareViewProductTest"/>
  <system-out/>
  <testcase name="validateViewProductSort" time="2.379" classname="med.webtest.MedicareViewProductTest"/>
  <system-out/>
  <testcase name="validateViewProductSort" time="2.329" classname="med.webtest.MedicareViewProductTest"/>
  <system-out/>
  <testcase name="validateViewProductSort" time="2.542" classname="med.webtest.MedicareViewProductTest"/>
  <system-out/>
  <testcase name="validateViewProductSort" time="2.321" classname="med.webtest.MedicareViewProductTest"/>
  <system-out/>
</testsuite> <!-- med.webtest.MedicareViewProductTest -->
