<?xml version="1.0" encoding="UTF-8"?>
<!-- Generated by org.testng.reporters.JUnitReportReporter -->
<testsuite skipped="0" hostname="LIN51013508" name="med.webtest.MedicareUserTest" tests="2" failures="0" timestamp="2023-02-01T14:49:40 IST" time="29.006" errors="0">
  <testcase name="validateProductDetail" time="11.298" classname="med.webtest.MedicareUserTest"/>
  <system-out/>
  <testcase name="validateProductDetail" time="17.708" classname="med.webtest.MedicareUserTest"/>
  <system-out/>
</testsuite> <!-- med.webtest.MedicareUserTest -->
