<?xml version="1.0" encoding="UTF-8"?>
<!-- Generated by org.testng.reporters.JUnitReportReporter -->
<testsuite skipped="0" hostname="LIN51013508" name="med.webtest.MedicareHomeTest" tests="1" failures="0" timestamp="29 Jan 2023 08:36:56 GMT" time="8.251" errors="0">
  <testcase name="validateMoreProductsMpCount" time="8.251" classname="med.webtest.MedicareHomeTest"/>
</testsuite> <!-- med.webtest.MedicareHomeTest -->
