<?xml version="1.0" encoding="UTF-8"?>
<!-- Generated by org.testng.reporters.JUnitReportReporter -->
<testsuite skipped="0" hostname="LIN51013508" name="med.webtest.MedicareLoginTest" tests="1" failures="0" timestamp="29 Jan 2023 12:26:02 GMT" time="10.311" errors="0">
  <testcase name="validateUserLoginFail" time="10.311" classname="med.webtest.MedicareLoginTest"/>
</testsuite> <!-- med.webtest.MedicareLoginTest -->
