<?xml version="1.0" encoding="UTF-8"?>
<!-- Generated by org.testng.reporters.JUnitReportReporter -->
<testsuite skipped="0" hostname="LIN51013508" name="med.webtest.MedicareAboutTest" tests="2" failures="0" timestamp="26 Jan 2023 13:51:00 GMT" time="0.067" errors="0">
  <testcase name="validateContent" time="0.040" classname="med.webtest.MedicareAboutTest"/>
  <testcase name="validateHeading" time="0.027" classname="med.webtest.MedicareAboutTest"/>
</testsuite> <!-- med.webtest.MedicareAboutTest -->
