<?xml version="1.0" encoding="UTF-8"?>
<!-- Generated by org.testng.reporters.JUnitReportReporter -->
<testsuite skipped="0" hostname="LIN51013508" name="med.webtest.MedicareAboutTest" tests="2" failures="0" timestamp="2023-02-04T22:51:59 IST" time="0.075" errors="0">
  <testcase name="validateHeading" time="0.035" classname="med.webtest.MedicareAboutTest"/>
  <system-out/>
  <testcase name="validateContent" time="0.040" classname="med.webtest.MedicareAboutTest"/>
  <system-out/>
</testsuite> <!-- med.webtest.MedicareAboutTest -->
