<?xml version="1.0" encoding="UTF-8"?>
<!-- Generated by org.testng.reporters.JUnitReportReporter -->
<testsuite skipped="0" hostname="LIN51013508" name="med.webtest.MedicareSignupTest" tests="1" failures="0" timestamp="29 Jan 2023 15:37:19 GMT" time="15.344" errors="0">
  <testcase name="validateExistingSupplierLogin" time="15.344" classname="med.webtest.MedicareSignupTest"/>
</testsuite> <!-- med.webtest.MedicareSignupTest -->
