<?xml version="1.0" encoding="UTF-8"?>
<!-- Generated by org.testng.reporters.JUnitReportReporter -->
<testsuite skipped="0" hostname="LIN51013508" name="med.webtest.MedicareLoginTest" tests="3" failures="0" timestamp="2023-02-04T22:51:59 IST" time="28.217" errors="0">
  <testcase name="validateUserLoginSucess" time="8.820" classname="med.webtest.MedicareLoginTest"/>
  <system-out/>
  <testcase name="validateUserLoginFail" time="11.191" classname="med.webtest.MedicareLoginTest"/>
  <system-out/>
  <testcase name="validateUserLoginSucess" time="8.206" classname="med.webtest.MedicareLoginTest"/>
  <system-out/>
</testsuite> <!-- med.webtest.MedicareLoginTest -->
