<?xml version="1.0" encoding="UTF-8"?>
<!-- Generated by org.testng.reporters.JUnitReportReporter -->
<testsuite skipped="0" hostname="LIN51013508" name="med.webtest.MedicareUserCheckoutTest" tests="10" failures="0" timestamp="2023-01-30T15:43:01 IST" time="128.094" errors="0">
  <testcase name="validateProductFinalConf" time="19.719" classname="med.webtest.MedicareUserCheckoutTest"/>
  <system-out/>
  <testcase name="validateProductCart" time="9.843" classname="med.webtest.MedicareUserCheckoutTest"/>
  <system-out/>
  <testcase name="validateProductFinalConf" time="15.196" classname="med.webtest.MedicareUserCheckoutTest"/>
  <system-out/>
  <testcase name="addProductCart" time="10.815" classname="med.webtest.MedicareUserCheckoutTest"/>
  <system-out/>
  <testcase name="validateProductCart" time="9.741" classname="med.webtest.MedicareUserCheckoutTest"/>
  <system-out/>
  <testcase name="validateProductFinalConf" time="15.575" classname="med.webtest.MedicareUserCheckoutTest"/>
  <system-out/>
  <testcase name="addProductCart" time="10.733" classname="med.webtest.MedicareUserCheckoutTest"/>
  <system-out/>
  <testcase name="validateOrderPlacedInfo" time="15.855" classname="med.webtest.MedicareUserCheckoutTest"/>
  <system-out/>
  <testcase name="validateProductCart" time="10.826" classname="med.webtest.MedicareUserCheckoutTest"/>
  <system-out/>
  <testcase name="addProductCart" time="9.791" classname="med.webtest.MedicareUserCheckoutTest"/>
  <system-out/>
</testsuite> <!-- med.webtest.MedicareUserCheckoutTest -->
