<?xml version="1.0" encoding="UTF-8"?>
<!-- Generated by org.testng.reporters.JUnitReportReporter -->
<testsuite skipped="0" hostname="LIN51013508" name="med.webtest.MedicareContactTest" tests="2" failures="0" timestamp="2023-02-04T22:51:59 IST" time="0.092" errors="0">
  <testcase name="validateHeading" time="0.036" classname="med.webtest.MedicareContactTest"/>
  <system-out/>
  <testcase name="validateContent" time="0.056" classname="med.webtest.MedicareContactTest"/>
  <system-out/>
</testsuite> <!-- med.webtest.MedicareContactTest -->
