<?xml version="1.0" encoding="UTF-8"?>
<!-- Generated by org.testng.reporters.JUnitReportReporter -->
<testsuite skipped="0" hostname="LIN51013508" name="med.webtest.MedicareViewProductTest" tests="6" failures="0" timestamp="2023-02-04T23:19:10 IST" time="3.377" errors="0">
  <testcase name="validateViewProductList" time="1.021" classname="med.webtest.MedicareViewProductTest"/>
  <system-out/>
  <testcase name="validateViewProductList" time="0.788" classname="med.webtest.MedicareViewProductTest"/>
  <system-out/>
  <testcase name="validateViewProductList" time="0.353" classname="med.webtest.MedicareViewProductTest"/>
  <system-out/>
  <testcase name="validateViewProductList" time="0.511" classname="med.webtest.MedicareViewProductTest"/>
  <system-out/>
  <testcase name="validateViewProductList" time="0.351" classname="med.webtest.MedicareViewProductTest"/>
  <system-out/>
  <testcase name="validateViewProductList" time="0.353" classname="med.webtest.MedicareViewProductTest"/>
  <system-out/>
</testsuite> <!-- med.webtest.MedicareViewProductTest -->
