<?xml version="1.0" encoding="UTF-8"?>
<!-- Generated by org.testng.reporters.JUnitReportReporter -->
<testsuite skipped="0" hostname="LIN51013508" name="med.webtest.MedicareContactTest" tests="2" failures="0" timestamp="28 Jan 2023 09:24:06 GMT" time="0.070" errors="0">
  <testcase name="validateContent" time="0.044" classname="med.webtest.MedicareContactTest"/>
  <testcase name="validateHeading" time="0.026" classname="med.webtest.MedicareContactTest"/>
</testsuite> <!-- med.webtest.MedicareContactTest -->
