<?xml version="1.0" encoding="UTF-8"?>
<!-- Generated by org.testng.reporters.JUnitReportReporter -->
<testsuite skipped="0" hostname="LIN51013508" name="med.webtest.MedicareViewProductTest" tests="6" failures="0" timestamp="2023-02-04T23:27:01 IST" time="3.083" errors="0">
  <testcase name="validateViewProductList" time="0.701" classname="med.webtest.MedicareViewProductTest"/>
  <system-out/>
  <testcase name="validateViewProductList" time="0.990" classname="med.webtest.MedicareViewProductTest"/>
  <system-out/>
  <testcase name="validateViewProductList" time="0.362" classname="med.webtest.MedicareViewProductTest"/>
  <system-out/>
  <testcase name="validateViewProductList" time="0.363" classname="med.webtest.MedicareViewProductTest"/>
  <system-out/>
  <testcase name="validateViewProductList" time="0.359" classname="med.webtest.MedicareViewProductTest"/>
  <system-out/>
  <testcase name="validateViewProductList" time="0.308" classname="med.webtest.MedicareViewProductTest"/>
  <system-out/>
</testsuite> <!-- med.webtest.MedicareViewProductTest -->
