<?xml version="1.0" encoding="UTF-8"?>
<!-- Generated by org.testng.reporters.JUnitReportReporter -->
<testsuite hostname="LIN51013508" failures="0" tests="1" name="med.webtest.MedicareAccessTest" time="0.000" errors="0" timestamp="2023-02-05T12:09:53 IST" skipped="0">
  <testcase classname="med.webtest.MedicareAccessTest" name="sampleDemo" time="0.000"/>
  <system-out/>
</testsuite> <!-- med.webtest.MedicareAccessTest -->
