<?xml version="1.0" encoding="UTF-8"?>
<!-- Generated by org.testng.reporters.JUnitReportReporter -->
<testsuite hostname="LIN51013508" failures="0" tests="2" name="med.webtest.MedicareAboutTest" time="0.075" errors="0" timestamp="2023-02-05T12:09:53 IST" skipped="0">
  <testcase classname="med.webtest.MedicareAboutTest" name="validateHeading" time="0.035"/>
  <system-out/>
  <testcase classname="med.webtest.MedicareAboutTest" name="validateContent" time="0.040"/>
  <system-out/>
</testsuite> <!-- med.webtest.MedicareAboutTest -->
