<?xml version="1.0" encoding="UTF-8"?>
<!-- Generated by org.testng.reporters.JUnitReportReporter -->
<testsuite hostname="LIN51013508" failures="0" tests="2" name="med.webtest.MedicareContactTest" time="0.069" errors="0" timestamp="2023-02-05T12:09:53 IST" skipped="0">
  <testcase classname="med.webtest.MedicareContactTest" name="validateHeading" time="0.030"/>
  <system-out/>
  <testcase classname="med.webtest.MedicareContactTest" name="validateContent" time="0.039"/>
  <system-out/>
</testsuite> <!-- med.webtest.MedicareContactTest -->
