<?xml version="1.0" encoding="UTF-8"?>
<!-- Generated by org.testng.reporters.JUnitReportReporter -->
<testsuite hostname="LIN51013508" failures="0" tests="3" name="med.webtest.MedicareLoginTest" time="24.380" errors="0" timestamp="2023-02-05T12:09:52 IST" skipped="0">
  <testcase classname="med.webtest.MedicareLoginTest" name="validateUserLoginFail" time="9.846"/>
  <system-out/>
  <testcase classname="med.webtest.MedicareLoginTest" name="validateUserLoginSucess" time="7.519"/>
  <system-out/>
  <testcase classname="med.webtest.MedicareLoginTest" name="validateUserLoginSucess" time="7.015"/>
  <system-out/>
</testsuite> <!-- med.webtest.MedicareLoginTest -->
